Arguments: 
  /usr/bin/node /mnt/c/Users/Diego/AppData/Roaming/npm/node_modules/yarn/bin/yarn.js add popper.js]

PATH: 
  /home/tcardoso/.rvm/gems/ruby-2.5.3/bin:/home/tcardoso/.rvm/gems/ruby-2.5.3@global/bin:/home/tcardoso/.rvm/rubies/ruby-2.5.3/bin:/home/tcardoso/.rvm/bin:/usr/local/sbin:/usr/local/bin:/usr/sbin:/usr/bin:/sbin:/bin:/usr/games:/usr/local/games:/mnt/c/Python27:/mnt/c/Python27/Scripts:/mnt/c/ProgramData/Boxstarter:/mnt/c/Program Files (x86)/Common Files/Oracle/Java/javapath_target_2038921:/mnt/c/Program Files/Docker/Docker/resources/bin:/mnt/c/Program Files (x86)/Common Files/Intel/Shared Files/cpp/Bin/Intel64:/mnt/c/ProgramData/Oracle/Java/javapath_target_2109250:/mnt/c/Program Files (x86)/Intel/iCLS Client:/mnt/c/Program Files/Intel/iCLS Client:/mnt/c/Windows/System32:/mnt/c/Windows:/mnt/c/Windows/System32/wbem:/mnt/c/Windows/System32/WindowsPowerShell/v1.0:/mnt/e/Program Files (x86)/Intel/Intel(R) Management Engine Components/DAL:/mnt/c/Program Files/Intel/Intel(R) Management Engine Components/DAL:/mnt/e/Program Files (x86)/Intel/Intel(R) Management Engine Components/IPT:/mnt/c/Program Files/Intel/Intel(R) Management Engine Components/IPT:/mnt/c/Program Files (x86)/NVIDIA Corporation/PhysX/Common:/mnt/c/Windows/System32:/mnt/c/Windows:/mnt/c/Windows/System32/wbem:/mnt/c/Windows/System32/WindowsPowerShell/v1.0:/mnt/e/Program Files/Git/cmd:/mnt/e/Program Files/Java/jdk1.8.0_141/bin:/mnt/c/Program Files/Microsoft SQL Server/130/Tools/Binn:/mnt/c/xampp7/php:/mnt/c/ProgramData/ComposerSetup/bin:/mnt/e/Go/bin:/mnt/c/Windows/System32/OpenSSH:/mnt/c/Program Files/Microsoft VS Code/bin:/mnt/e/Program Files/nodejs:/mnt/c/ProgramData/chocolatey/bin:/mnt/c/Users/Diego/.cargo/bin:/mnt/c/Users/Diego/AppData/Local/Programs/Python/Python36-32/Scripts:/mnt/c/Users/Diego/AppData/Local/Programs/Python/Python36-32:/mnt/c/Users/Diego/AppData/Local/Microsoft/WindowsApps:/mnt/e/Users/Diego/AppData/Local/Android/sdk/platform-tools:/mnt/e/Users/Diego/AppData/Local/Android/build-tools/28.0.2:/mnt/c/Users/Diego/AppData/Roaming/npm:/snap/bin

Yarn version: 
  1.12.1

Node version: 
  10.13.0

Platform: 
  linux x64

Trace: 
  Error: https://registry.yarnpkg.com/popper.js]: Not found
      at Request.params.callback [as _callback] (/mnt/c/Users/Diego/AppData/Roaming/npm/node_modules/yarn/lib/cli.js:62126:18)
      at Request.self.callback (/mnt/c/Users/Diego/AppData/Roaming/npm/node_modules/yarn/lib/cli.js:124482:22)
      at Request.emit (events.js:182:13)
      at Request.<anonymous> (/mnt/c/Users/Diego/AppData/Roaming/npm/node_modules/yarn/lib/cli.js:125454:10)
      at Request.emit (events.js:182:13)
      at IncomingMessage.<anonymous> (/mnt/c/Users/Diego/AppData/Roaming/npm/node_modules/yarn/lib/cli.js:125376:12)
      at Object.onceWrapper (events.js:273:13)
      at IncomingMessage.emit (events.js:187:15)
      at endReadableNT (_stream_readable.js:1094:12)
      at process._tickCallback (internal/process/next_tick.js:63:19)

npm manifest: 
  {
    "name": "crypto_wallet",
    "private": true,
    "dependencies": {
      "bootstrap": "^4.1.3"
    }
  }

yarn manifest: 
  No manifest

Lockfile: 
  # THIS IS AN AUTOGENERATED FILE. DO NOT EDIT THIS FILE DIRECTLY.
  # yarn lockfile v1
  
  
  bootstrap@^4.1.3:
    version "4.1.3"
    resolved "https://registry.yarnpkg.com/bootstrap/-/bootstrap-4.1.3.tgz#0eb371af2c8448e8c210411d0cb824a6409a12be"
    integrity sha512-rDFIzgXcof0jDyjNosjv4Sno77X4KuPeFxG2XZZv1/Kc8DRVGVADdoQyyOVDwPqL36DDmtCQbrpMCqvpPLJQ0w==
